[debug] [2024-06-25T03:48:55.115Z] ----------------------------------------------------------------------
[debug] [2024-06-25T03:48:55.118Z] Command:       C:\Program Files\nodejs\node.exe C:\Users\diego\AppData\Roaming\npm\node_modules\firebase-tools\lib\bin\firebase.js init
[debug] [2024-06-25T03:48:55.118Z] CLI Version:   13.11.4
[debug] [2024-06-25T03:48:55.118Z] Platform:      win32
[debug] [2024-06-25T03:48:55.118Z] Node Version:  v20.11.1
[debug] [2024-06-25T03:48:55.118Z] Time:          Mon Jun 24 2024 21:48:55 GMT-0600 (Central Standard Time)
[debug] [2024-06-25T03:48:55.119Z] ----------------------------------------------------------------------
[debug] 
[debug] [2024-06-25T03:48:55.188Z] > command requires scopes: ["email","openid","https://www.googleapis.com/auth/cloudplatformprojects.readonly","https://www.googleapis.com/auth/firebase","https://www.googleapis.com/auth/cloud-platform"]
[debug] [2024-06-25T03:48:55.189Z] > authorizing via signed-in user (theapartmentbnb@gmail.com)
[info] 
     ######## #### ########  ######## ########     ###     ######  ########
     ##        ##  ##     ## ##       ##     ##  ##   ##  ##       ##
     ######    ##  ########  ######   ########  #########  ######  ######
     ##        ##  ##    ##  ##       ##     ## ##     ##       ## ##
     ##       #### ##     ## ######## ########  ##     ##  ######  ########

You're about to initialize a Firebase project in this directory:

  C:\gitRepos\final-web\angular

Before we get started, keep in mind:

  * You are currently outside your home directory
  * You are initializing within an existing Firebase project directory

